Analysis & Synthesis report for nRisc
Mon Sep 29 18:01:16 2025
Quartus II 64-Bit Version 13.0.1 Build 232 06/12/2013 Service Pack 1 SJ Web Edition


---------------------
; Table of Contents ;
---------------------
  1. Legal Notice
  2. Analysis & Synthesis Summary
  3. Analysis & Synthesis Settings
  4. Parallel Compilation
  5. Analysis & Synthesis Source Files Read
  6. Analysis & Synthesis Resource Usage Summary
  7. Analysis & Synthesis Resource Utilization by Entity
  8. General Register Statistics
  9. Port Connectivity Checks: "Ula:ula_|somador8bits:s8bR"
 10. Port Connectivity Checks: "Ula:ula_|somador8bits:s8bD"
 11. Port Connectivity Checks: "Ula:ula_|multiplicador8bits:m8bMult|somador8bits:s8bS"
 12. Port Connectivity Checks: "Ula:ula_|multiplicador8bits:m8bMult|somador16bits:s16b7"
 13. Port Connectivity Checks: "Ula:ula_|multiplicador8bits:m8bMult|somador16bits:s16b6"
 14. Port Connectivity Checks: "Ula:ula_|multiplicador8bits:m8bMult|somador16bits:s16b5"
 15. Port Connectivity Checks: "Ula:ula_|multiplicador8bits:m8bMult|somador16bits:s16b4"
 16. Port Connectivity Checks: "Ula:ula_|multiplicador8bits:m8bMult|somador16bits:s16b3"
 17. Port Connectivity Checks: "Ula:ula_|multiplicador8bits:m8bMult|somador16bits:s16b2"
 18. Port Connectivity Checks: "Ula:ula_|multiplicador8bits:m8bMult|somador16bits:s16b1"
 19. Port Connectivity Checks: "Ula:ula_|multiplicador8bits:m8bMult|somador16bits:s16b0"
 20. Port Connectivity Checks: "Ula:ula_|multiplicador8bits:m8bMult|somador8bits:s8bB"
 21. Port Connectivity Checks: "Ula:ula_|multiplicador8bits:m8bMult|somador8bits:s8bA"
 22. Port Connectivity Checks: "Ula:ula_|somador8bits:s8bAddi"
 23. Port Connectivity Checks: "Ula:ula_"
 24. Port Connectivity Checks: "somador8bits:pc_1"
 25. Elapsed Time Per Partition
 26. Analysis & Synthesis Messages



----------------
; Legal Notice ;
----------------
Copyright (C) 1991-2013 Altera Corporation
Your use of Altera Corporation's design tools, logic functions 
and other software and tools, and its AMPP partner logic 
functions, and any output files from any of the foregoing 
(including device programming or simulation files), and any 
associated documentation or information are expressly subject 
to the terms and conditions of the Altera Program License 
Subscription Agreement, Altera MegaCore Function License 
Agreement, or other applicable license agreement, including, 
without limitation, that your use is for the sole purpose of 
programming logic devices manufactured by Altera and sold by 
Altera or its authorized distributors.  Please refer to the 
applicable agreement for further details.



+--------------------------------------------------------------------------------------+
; Analysis & Synthesis Summary                                                         ;
+------------------------------------+-------------------------------------------------+
; Analysis & Synthesis Status        ; Successful - Mon Sep 29 18:01:16 2025           ;
; Quartus II 64-Bit Version          ; 13.0.1 Build 232 06/12/2013 SP 1 SJ Web Edition ;
; Revision Name                      ; nRisc                                           ;
; Top-level Entity Name              ; nRisc                                           ;
; Family                             ; Cyclone II                                      ;
; Total logic elements               ; 0                                               ;
;     Total combinational functions  ; 0                                               ;
;     Dedicated logic registers      ; 0                                               ;
; Total registers                    ; 0                                               ;
; Total pins                         ; 2                                               ;
; Total virtual pins                 ; 0                                               ;
; Total memory bits                  ; 0                                               ;
; Embedded Multiplier 9-bit elements ; 0                                               ;
; Total PLLs                         ; 0                                               ;
+------------------------------------+-------------------------------------------------+


+----------------------------------------------------------------------------------------------------------------------+
; Analysis & Synthesis Settings                                                                                        ;
+----------------------------------------------------------------------------+--------------------+--------------------+
; Option                                                                     ; Setting            ; Default Value      ;
+----------------------------------------------------------------------------+--------------------+--------------------+
; Device                                                                     ; EP2C35F672C6       ;                    ;
; Top-level entity name                                                      ; nRisc              ; nRisc              ;
; Family name                                                                ; Cyclone II         ; Cyclone IV GX      ;
; Use smart compilation                                                      ; Off                ; Off                ;
; Enable parallel Assembler and TimeQuest Timing Analyzer during compilation ; On                 ; On                 ;
; Enable compact report table                                                ; Off                ; Off                ;
; Restructure Multiplexers                                                   ; Auto               ; Auto               ;
; Create Debugging Nodes for IP Cores                                        ; Off                ; Off                ;
; Preserve fewer node names                                                  ; On                 ; On                 ;
; Disable OpenCore Plus hardware evaluation                                  ; Off                ; Off                ;
; Verilog Version                                                            ; Verilog_2001       ; Verilog_2001       ;
; VHDL Version                                                               ; VHDL_1993          ; VHDL_1993          ;
; State Machine Processing                                                   ; Auto               ; Auto               ;
; Safe State Machine                                                         ; Off                ; Off                ;
; Extract Verilog State Machines                                             ; On                 ; On                 ;
; Extract VHDL State Machines                                                ; On                 ; On                 ;
; Ignore Verilog initial constructs                                          ; Off                ; Off                ;
; Iteration limit for constant Verilog loops                                 ; 5000               ; 5000               ;
; Iteration limit for non-constant Verilog loops                             ; 250                ; 250                ;
; Add Pass-Through Logic to Inferred RAMs                                    ; On                 ; On                 ;
; Infer RAMs from Raw Logic                                                  ; On                 ; On                 ;
; Parallel Synthesis                                                         ; On                 ; On                 ;
; DSP Block Balancing                                                        ; Auto               ; Auto               ;
; NOT Gate Push-Back                                                         ; On                 ; On                 ;
; Power-Up Don't Care                                                        ; On                 ; On                 ;
; Remove Redundant Logic Cells                                               ; Off                ; Off                ;
; Remove Duplicate Registers                                                 ; On                 ; On                 ;
; Ignore CARRY Buffers                                                       ; Off                ; Off                ;
; Ignore CASCADE Buffers                                                     ; Off                ; Off                ;
; Ignore GLOBAL Buffers                                                      ; Off                ; Off                ;
; Ignore ROW GLOBAL Buffers                                                  ; Off                ; Off                ;
; Ignore LCELL Buffers                                                       ; Off                ; Off                ;
; Ignore SOFT Buffers                                                        ; On                 ; On                 ;
; Limit AHDL Integers to 32 Bits                                             ; Off                ; Off                ;
; Optimization Technique                                                     ; Balanced           ; Balanced           ;
; Carry Chain Length                                                         ; 70                 ; 70                 ;
; Auto Carry Chains                                                          ; On                 ; On                 ;
; Auto Open-Drain Pins                                                       ; On                 ; On                 ;
; Perform WYSIWYG Primitive Resynthesis                                      ; Off                ; Off                ;
; Auto ROM Replacement                                                       ; On                 ; On                 ;
; Auto RAM Replacement                                                       ; On                 ; On                 ;
; Auto Shift Register Replacement                                            ; Auto               ; Auto               ;
; Allow Shift Register Merging across Hierarchies                            ; Auto               ; Auto               ;
; Auto Clock Enable Replacement                                              ; On                 ; On                 ;
; Strict RAM Replacement                                                     ; Off                ; Off                ;
; Allow Synchronous Control Signals                                          ; On                 ; On                 ;
; Force Use of Synchronous Clear Signals                                     ; Off                ; Off                ;
; Auto RAM to Logic Cell Conversion                                          ; Off                ; Off                ;
; Auto Resource Sharing                                                      ; Off                ; Off                ;
; Allow Any RAM Size For Recognition                                         ; Off                ; Off                ;
; Allow Any ROM Size For Recognition                                         ; Off                ; Off                ;
; Allow Any Shift Register Size For Recognition                              ; Off                ; Off                ;
; Use LogicLock Constraints during Resource Balancing                        ; On                 ; On                 ;
; Ignore translate_off and synthesis_off directives                          ; Off                ; Off                ;
; Timing-Driven Synthesis                                                    ; Off                ; Off                ;
; Report Parameter Settings                                                  ; On                 ; On                 ;
; Report Source Assignments                                                  ; On                 ; On                 ;
; Report Connectivity Checks                                                 ; On                 ; On                 ;
; Ignore Maximum Fan-Out Assignments                                         ; Off                ; Off                ;
; Synchronization Register Chain Length                                      ; 2                  ; 2                  ;
; PowerPlay Power Optimization                                               ; Normal compilation ; Normal compilation ;
; HDL message level                                                          ; Level2             ; Level2             ;
; Suppress Register Optimization Related Messages                            ; Off                ; Off                ;
; Number of Removed Registers Reported in Synthesis Report                   ; 5000               ; 5000               ;
; Number of Swept Nodes Reported in Synthesis Report                         ; 5000               ; 5000               ;
; Number of Inverted Registers Reported in Synthesis Report                  ; 100                ; 100                ;
; Clock MUX Protection                                                       ; On                 ; On                 ;
; Auto Gated Clock Conversion                                                ; Off                ; Off                ;
; Block Design Naming                                                        ; Auto               ; Auto               ;
; SDC constraint protection                                                  ; Off                ; Off                ;
; Synthesis Effort                                                           ; Auto               ; Auto               ;
; Shift Register Replacement - Allow Asynchronous Clear Signal               ; On                 ; On                 ;
; Pre-Mapping Resynthesis Optimization                                       ; Off                ; Off                ;
; Analysis & Synthesis Message Level                                         ; Medium             ; Medium             ;
; Disable Register Merging Across Hierarchies                                ; Auto               ; Auto               ;
; Resource Aware Inference For Block RAM                                     ; On                 ; On                 ;
; Synthesis Seed                                                             ; 1                  ; 1                  ;
+----------------------------------------------------------------------------+--------------------+--------------------+


Parallel compilation was disabled, but you have multiple processors available. Enable parallel compilation to reduce compilation time.
+-------------------------------------+
; Parallel Compilation                ;
+----------------------------+--------+
; Processors                 ; Number ;
+----------------------------+--------+
; Number detected on machine ; 4      ;
; Maximum allowed            ; 1      ;
+----------------------------+--------+


+-----------------------------------------------------------------------------------------------------------------------------------------------------------------------------------------------------------------------+
; Analysis & Synthesis Source Files Read                                                                                                                                                                                ;
+----------------------------------+-----------------+------------------------+-------------------------------------------------------------------------------------------------------------------------------+---------+
; File Name with User-Entered Path ; Used in Netlist ; File Type              ; File Name with Absolute Path                                                                                                  ; Library ;
+----------------------------------+-----------------+------------------------+-------------------------------------------------------------------------------------------------------------------------------+---------+
; nRisc.v                          ; yes             ; User Verilog HDL File  ; D:/CEFET/02_Graduação/3° Periodo/Arquitetura e Organização de Computadores  I/_Laboratório/nRisc/git/nRisc em Verilog/nRisc.v ;         ;
+----------------------------------+-----------------+------------------------+-------------------------------------------------------------------------------------------------------------------------------+---------+


+-----------------------------------------------------+
; Analysis & Synthesis Resource Usage Summary         ;
+---------------------------------------------+-------+
; Resource                                    ; Usage ;
+---------------------------------------------+-------+
;                                             ;       ;
; Total combinational functions               ; 0     ;
; Logic element usage by number of LUT inputs ;       ;
;     -- 4 input functions                    ; 0     ;
;     -- 3 input functions                    ; 0     ;
;     -- <=2 input functions                  ; 0     ;
;                                             ;       ;
; Logic elements by mode                      ;       ;
;     -- normal mode                          ; 0     ;
;     -- arithmetic mode                      ; 0     ;
;                                             ;       ;
; Total registers                             ; 0     ;
;     -- Dedicated logic registers            ; 0     ;
;     -- I/O registers                        ; 0     ;
;                                             ;       ;
; I/O pins                                    ; 2     ;
; Embedded Multiplier 9-bit elements          ; 0     ;
+---------------------------------------------+-------+


+-----------------------------------------------------------------------------------------------------------------------------------------------------------------------------+
; Analysis & Synthesis Resource Utilization by Entity                                                                                                                         ;
+----------------------------+-------------------+--------------+-------------+--------------+---------+-----------+------+--------------+---------------------+--------------+
; Compilation Hierarchy Node ; LC Combinationals ; LC Registers ; Memory Bits ; DSP Elements ; DSP 9x9 ; DSP 18x18 ; Pins ; Virtual Pins ; Full Hierarchy Name ; Library Name ;
+----------------------------+-------------------+--------------+-------------+--------------+---------+-----------+------+--------------+---------------------+--------------+
; |nRisc                     ; 0 (0)             ; 0 (0)        ; 0           ; 0            ; 0       ; 0         ; 2    ; 0            ; |nRisc              ; work         ;
+----------------------------+-------------------+--------------+-------------+--------------+---------+-----------+------+--------------+---------------------+--------------+
Note: For table entries with two numbers listed, the numbers in parentheses indicate the number of resources of the given type used by the specific entity alone. The numbers listed outside of parentheses indicate the total resources of the given type used by the specific entity and all of its sub-entities in the hierarchy.


+------------------------------------------------------+
; General Register Statistics                          ;
+----------------------------------------------+-------+
; Statistic                                    ; Value ;
+----------------------------------------------+-------+
; Total registers                              ; 0     ;
; Number of registers using Synchronous Clear  ; 0     ;
; Number of registers using Synchronous Load   ; 0     ;
; Number of registers using Asynchronous Clear ; 0     ;
; Number of registers using Asynchronous Load  ; 0     ;
; Number of registers using Clock Enable       ; 0     ;
; Number of registers using Preset             ; 0     ;
+----------------------------------------------+-------+


+--------------------------------------------------------+
; Port Connectivity Checks: "Ula:ula_|somador8bits:s8bR" ;
+---------+-------+----------+---------------------------+
; Port    ; Type  ; Severity ; Details                   ;
+---------+-------+----------+---------------------------+
; CarryIn ; Input ; Info     ; Stuck at VCC              ;
; sinal   ; Input ; Info     ; Stuck at VCC              ;
+---------+-------+----------+---------------------------+


+--------------------------------------------------------+
; Port Connectivity Checks: "Ula:ula_|somador8bits:s8bD" ;
+---------+-------+----------+---------------------------+
; Port    ; Type  ; Severity ; Details                   ;
+---------+-------+----------+---------------------------+
; CarryIn ; Input ; Info     ; Stuck at VCC              ;
; sinal   ; Input ; Info     ; Stuck at VCC              ;
+---------+-------+----------+---------------------------+


+--------------------------------------------------------------------------------------------------------------------+
; Port Connectivity Checks: "Ula:ula_|multiplicador8bits:m8bMult|somador8bits:s8bS"                                  ;
+----------+--------+----------+-------------------------------------------------------------------------------------+
; Port     ; Type   ; Severity ; Details                                                                             ;
+----------+--------+----------+-------------------------------------------------------------------------------------+
; A        ; Input  ; Info     ; Stuck at GND                                                                        ;
; CarryOut ; Output ; Info     ; Connected to dangling logic. Logic that only feeds a dangling port will be removed. ;
+----------+--------+----------+-------------------------------------------------------------------------------------+


+--------------------------------------------------------------------------------------------------------------------+
; Port Connectivity Checks: "Ula:ula_|multiplicador8bits:m8bMult|somador16bits:s16b7"                                ;
+----------+--------+----------+-------------------------------------------------------------------------------------+
; Port     ; Type   ; Severity ; Details                                                                             ;
+----------+--------+----------+-------------------------------------------------------------------------------------+
; A[6..0]  ; Input  ; Info     ; Stuck at GND                                                                        ;
; A[15]    ; Input  ; Info     ; Stuck at GND                                                                        ;
; sinal    ; Input  ; Info     ; Stuck at GND                                                                        ;
; CarryIn  ; Input  ; Info     ; Stuck at GND                                                                        ;
; CarryOut ; Output ; Info     ; Connected to dangling logic. Logic that only feeds a dangling port will be removed. ;
+----------+--------+----------+-------------------------------------------------------------------------------------+


+---------------------------------------------------------------------------------------------------------------------+
; Port Connectivity Checks: "Ula:ula_|multiplicador8bits:m8bMult|somador16bits:s16b6"                                 ;
+-----------+--------+----------+-------------------------------------------------------------------------------------+
; Port      ; Type   ; Severity ; Details                                                                             ;
+-----------+--------+----------+-------------------------------------------------------------------------------------+
; A[15..14] ; Input  ; Info     ; Stuck at GND                                                                        ;
; A[5..0]   ; Input  ; Info     ; Stuck at GND                                                                        ;
; sinal     ; Input  ; Info     ; Stuck at GND                                                                        ;
; CarryIn   ; Input  ; Info     ; Stuck at GND                                                                        ;
; CarryOut  ; Output ; Info     ; Connected to dangling logic. Logic that only feeds a dangling port will be removed. ;
+-----------+--------+----------+-------------------------------------------------------------------------------------+


+---------------------------------------------------------------------------------------------------------------------+
; Port Connectivity Checks: "Ula:ula_|multiplicador8bits:m8bMult|somador16bits:s16b5"                                 ;
+-----------+--------+----------+-------------------------------------------------------------------------------------+
; Port      ; Type   ; Severity ; Details                                                                             ;
+-----------+--------+----------+-------------------------------------------------------------------------------------+
; A[15..13] ; Input  ; Info     ; Stuck at GND                                                                        ;
; A[4..0]   ; Input  ; Info     ; Stuck at GND                                                                        ;
; sinal     ; Input  ; Info     ; Stuck at GND                                                                        ;
; CarryIn   ; Input  ; Info     ; Stuck at GND                                                                        ;
; CarryOut  ; Output ; Info     ; Connected to dangling logic. Logic that only feeds a dangling port will be removed. ;
+-----------+--------+----------+-------------------------------------------------------------------------------------+


+---------------------------------------------------------------------------------------------------------------------+
; Port Connectivity Checks: "Ula:ula_|multiplicador8bits:m8bMult|somador16bits:s16b4"                                 ;
+-----------+--------+----------+-------------------------------------------------------------------------------------+
; Port      ; Type   ; Severity ; Details                                                                             ;
+-----------+--------+----------+-------------------------------------------------------------------------------------+
; A[15..12] ; Input  ; Info     ; Stuck at GND                                                                        ;
; A[3..0]   ; Input  ; Info     ; Stuck at GND                                                                        ;
; sinal     ; Input  ; Info     ; Stuck at GND                                                                        ;
; CarryIn   ; Input  ; Info     ; Stuck at GND                                                                        ;
; CarryOut  ; Output ; Info     ; Connected to dangling logic. Logic that only feeds a dangling port will be removed. ;
+-----------+--------+----------+-------------------------------------------------------------------------------------+


+---------------------------------------------------------------------------------------------------------------------+
; Port Connectivity Checks: "Ula:ula_|multiplicador8bits:m8bMult|somador16bits:s16b3"                                 ;
+-----------+--------+----------+-------------------------------------------------------------------------------------+
; Port      ; Type   ; Severity ; Details                                                                             ;
+-----------+--------+----------+-------------------------------------------------------------------------------------+
; A[15..11] ; Input  ; Info     ; Stuck at GND                                                                        ;
; A[2..0]   ; Input  ; Info     ; Stuck at GND                                                                        ;
; sinal     ; Input  ; Info     ; Stuck at GND                                                                        ;
; CarryIn   ; Input  ; Info     ; Stuck at GND                                                                        ;
; CarryOut  ; Output ; Info     ; Connected to dangling logic. Logic that only feeds a dangling port will be removed. ;
+-----------+--------+----------+-------------------------------------------------------------------------------------+


+---------------------------------------------------------------------------------------------------------------------+
; Port Connectivity Checks: "Ula:ula_|multiplicador8bits:m8bMult|somador16bits:s16b2"                                 ;
+-----------+--------+----------+-------------------------------------------------------------------------------------+
; Port      ; Type   ; Severity ; Details                                                                             ;
+-----------+--------+----------+-------------------------------------------------------------------------------------+
; A[15..10] ; Input  ; Info     ; Stuck at GND                                                                        ;
; A[1..0]   ; Input  ; Info     ; Stuck at GND                                                                        ;
; sinal     ; Input  ; Info     ; Stuck at GND                                                                        ;
; CarryIn   ; Input  ; Info     ; Stuck at GND                                                                        ;
; CarryOut  ; Output ; Info     ; Connected to dangling logic. Logic that only feeds a dangling port will be removed. ;
+-----------+--------+----------+-------------------------------------------------------------------------------------+


+--------------------------------------------------------------------------------------------------------------------+
; Port Connectivity Checks: "Ula:ula_|multiplicador8bits:m8bMult|somador16bits:s16b1"                                ;
+----------+--------+----------+-------------------------------------------------------------------------------------+
; Port     ; Type   ; Severity ; Details                                                                             ;
+----------+--------+----------+-------------------------------------------------------------------------------------+
; A[15..9] ; Input  ; Info     ; Stuck at GND                                                                        ;
; A[0]     ; Input  ; Info     ; Stuck at GND                                                                        ;
; sinal    ; Input  ; Info     ; Stuck at GND                                                                        ;
; CarryIn  ; Input  ; Info     ; Stuck at GND                                                                        ;
; CarryOut ; Output ; Info     ; Connected to dangling logic. Logic that only feeds a dangling port will be removed. ;
+----------+--------+----------+-------------------------------------------------------------------------------------+


+--------------------------------------------------------------------------------------------------------------------+
; Port Connectivity Checks: "Ula:ula_|multiplicador8bits:m8bMult|somador16bits:s16b0"                                ;
+----------+--------+----------+-------------------------------------------------------------------------------------+
; Port     ; Type   ; Severity ; Details                                                                             ;
+----------+--------+----------+-------------------------------------------------------------------------------------+
; A[15..8] ; Input  ; Info     ; Stuck at GND                                                                        ;
; B        ; Input  ; Info     ; Stuck at GND                                                                        ;
; sinal    ; Input  ; Info     ; Stuck at GND                                                                        ;
; CarryIn  ; Input  ; Info     ; Stuck at GND                                                                        ;
; CarryOut ; Output ; Info     ; Connected to dangling logic. Logic that only feeds a dangling port will be removed. ;
+----------+--------+----------+-------------------------------------------------------------------------------------+


+--------------------------------------------------------------------------------------------------------------------+
; Port Connectivity Checks: "Ula:ula_|multiplicador8bits:m8bMult|somador8bits:s8bB"                                  ;
+----------+--------+----------+-------------------------------------------------------------------------------------+
; Port     ; Type   ; Severity ; Details                                                                             ;
+----------+--------+----------+-------------------------------------------------------------------------------------+
; A        ; Input  ; Info     ; Stuck at GND                                                                        ;
; CarryOut ; Output ; Info     ; Connected to dangling logic. Logic that only feeds a dangling port will be removed. ;
+----------+--------+----------+-------------------------------------------------------------------------------------+


+--------------------------------------------------------------------------------------------------------------------+
; Port Connectivity Checks: "Ula:ula_|multiplicador8bits:m8bMult|somador8bits:s8bA"                                  ;
+----------+--------+----------+-------------------------------------------------------------------------------------+
; Port     ; Type   ; Severity ; Details                                                                             ;
+----------+--------+----------+-------------------------------------------------------------------------------------+
; A        ; Input  ; Info     ; Stuck at GND                                                                        ;
; CarryOut ; Output ; Info     ; Connected to dangling logic. Logic that only feeds a dangling port will be removed. ;
+----------+--------+----------+-------------------------------------------------------------------------------------+


+-----------------------------------------------------------+
; Port Connectivity Checks: "Ula:ula_|somador8bits:s8bAddi" ;
+---------+-------+----------+------------------------------+
; Port    ; Type  ; Severity ; Details                      ;
+---------+-------+----------+------------------------------+
; CarryIn ; Input ; Info     ; Stuck at GND                 ;
; sinal   ; Input ; Info     ; Stuck at GND                 ;
+---------+-------+----------+------------------------------+


+--------------------------------------------------------------------------------------------------------------------+
; Port Connectivity Checks: "Ula:ula_"                                                                               ;
+----------+--------+----------+-------------------------------------------------------------------------------------+
; Port     ; Type   ; Severity ; Details                                                                             ;
+----------+--------+----------+-------------------------------------------------------------------------------------+
; overflow ; Output ; Info     ; Connected to dangling logic. Logic that only feeds a dangling port will be removed. ;
+----------+--------+----------+-------------------------------------------------------------------------------------+


+--------------------------------------------------------------------------------------------------------------------+
; Port Connectivity Checks: "somador8bits:pc_1"                                                                      ;
+----------+--------+----------+-------------------------------------------------------------------------------------+
; Port     ; Type   ; Severity ; Details                                                                             ;
+----------+--------+----------+-------------------------------------------------------------------------------------+
; B[7..1]  ; Input  ; Info     ; Stuck at GND                                                                        ;
; B[0]     ; Input  ; Info     ; Stuck at VCC                                                                        ;
; sinal    ; Input  ; Info     ; Stuck at GND                                                                        ;
; CarryIn  ; Input  ; Info     ; Stuck at GND                                                                        ;
; CarryOut ; Output ; Info     ; Connected to dangling logic. Logic that only feeds a dangling port will be removed. ;
+----------+--------+----------+-------------------------------------------------------------------------------------+


+-------------------------------+
; Elapsed Time Per Partition    ;
+----------------+--------------+
; Partition Name ; Elapsed Time ;
+----------------+--------------+
; Top            ; 00:00:00     ;
+----------------+--------------+


+-------------------------------+
; Analysis & Synthesis Messages ;
+-------------------------------+
Info: *******************************************************************
Info: Running Quartus II 64-Bit Analysis & Synthesis
    Info: Version 13.0.1 Build 232 06/12/2013 Service Pack 1 SJ Web Edition
    Info: Processing started: Mon Sep 29 18:01:13 2025
Info: Command: quartus_map --read_settings_files=on --write_settings_files=off nRisc -c nRisc
Warning (20028): Parallel compilation is not licensed and has been disabled
Info (12021): Found 11 design units, including 11 entities, in source file nrisc.v
    Info (12023): Found entity 1: somador1bit
    Info (12023): Found entity 2: somador8bits
    Info (12023): Found entity 3: somador16bits
    Info (12023): Found entity 4: multiplicador8bits
    Info (12023): Found entity 5: Controle
    Info (12023): Found entity 6: MemoriaData
    Info (12023): Found entity 7: Ula
    Info (12023): Found entity 8: BancoDeRegistradores
    Info (12023): Found entity 9: MemoriaInstrucoes
    Info (12023): Found entity 10: Pc
    Info (12023): Found entity 11: nRisc
Info (12127): Elaborating entity "nRisc" for the top level hierarchy
Info (12128): Elaborating entity "somador8bits" for hierarchy "somador8bits:pc_1"
Info (12128): Elaborating entity "somador1bit" for hierarchy "somador8bits:pc_1|somador1bit:s8b0"
Info (12128): Elaborating entity "Pc" for hierarchy "Pc:pc_"
Info (12128): Elaborating entity "MemoriaInstrucoes" for hierarchy "MemoriaInstrucoes:memInst_"
Warning (10855): Verilog HDL warning at nRisc.v(270): initial value for variable memoria should be constant
Warning (10030): Net "memoria" at nRisc.v(269) has no driver or initial value, using a default initial value '0'
Info (12128): Elaborating entity "BancoDeRegistradores" for hierarchy "BancoDeRegistradores:bancoReg_"
Info (12128): Elaborating entity "Ula" for hierarchy "Ula:ula_"
Info (12128): Elaborating entity "multiplicador8bits" for hierarchy "Ula:ula_|multiplicador8bits:m8bMult"
Info (12128): Elaborating entity "somador16bits" for hierarchy "Ula:ula_|multiplicador8bits:m8bMult|somador16bits:s16b0"
Info (12128): Elaborating entity "MemoriaData" for hierarchy "MemoriaData:memData_"
Warning (10240): Verilog HDL Always Construct warning at nRisc.v(121): inferring latch(es) for variable "dadoLido", which holds its previous value in one or more paths through the always construct
Info (10041): Inferred latch for "dadoLido[0]" at nRisc.v(121)
Info (10041): Inferred latch for "dadoLido[1]" at nRisc.v(121)
Info (10041): Inferred latch for "dadoLido[2]" at nRisc.v(121)
Info (10041): Inferred latch for "dadoLido[3]" at nRisc.v(121)
Info (10041): Inferred latch for "dadoLido[4]" at nRisc.v(121)
Info (10041): Inferred latch for "dadoLido[5]" at nRisc.v(121)
Info (10041): Inferred latch for "dadoLido[6]" at nRisc.v(121)
Info (10041): Inferred latch for "dadoLido[7]" at nRisc.v(121)
Info (12128): Elaborating entity "Controle" for hierarchy "Controle:control_"
Info (16010): Generating hard_block partition "hard_block:auto_generated_inst"
    Info (16011): Adding 0 node(s), including 0 DDIO, 0 PLL, 0 transceiver and 0 LCELL
Warning (21074): Design contains 2 input pin(s) that do not drive logic
    Warning (15610): No output dependent on input pin "Clock"
    Warning (15610): No output dependent on input pin "Reset"
Info (21057): Implemented 2 device resources after synthesis - the final resource count might be different
    Info (21058): Implemented 2 input pins
    Info (21059): Implemented 0 output pins
Info: Quartus II 64-Bit Analysis & Synthesis was successful. 0 errors, 7 warnings
    Info: Peak virtual memory: 4593 megabytes
    Info: Processing ended: Mon Sep 29 18:01:16 2025
    Info: Elapsed time: 00:00:03
    Info: Total CPU time (on all processors): 00:00:03


